<?xml version="1.0" encoding="UTF-8"?>
<testsuite xmlns:xsi="http://www.w3.org/2001/XMLSchema-instance" xsi:noNamespaceSchemaLocation="https://maven.apache.org/surefire/maven-surefire-plugin/xsd/surefire-test-report.xsd" name="com.MicroserviceEcom.productservice.ProductServiceApplicationTests" time="0.758" tests="1" errors="1" skipped="0" failures="0">
  <properties>
[...]
</properties>
  <testcase name="com.MicroserviceEcom.productservice.ProductServiceApplicationTests" classname="com.MicroserviceEcom.productservice.ProductServiceApplicationTests" time="0.756">
    <error message="Could not find a valid Docker environment. Please see logs and check configuration" type="java.lang.IllegalStateException">java.lang.IllegalStateException: Could not find a valid Docker environment. Please see logs and check configuration
</error>
    <system-out><![CDATA[09:30:11.903 [main] DEBUG org.springframework.boot.test.context.SpringBootTestContextBootstrapper - Neither @ContextConfiguration nor @ContextHierarchy found for test class [ProductServiceApplicationTests]: using SpringBootContextLoader
09:30:11.909 [main] DEBUG org.springframework.test.context.support.AbstractContextLoader - Could not detect default resource locations for test class [com.MicroserviceEcom.productservice.ProductServiceApplicationTests]: no resource found for suffixes {-context.xml, Context.groovy}.
09:30:11.910 [main] INFO org.springframework.test.context.support.AnnotationConfigContextLoaderUtils - Could not detect default configuration classes for test class [com.MicroserviceEcom.productservice.ProductServiceApplicationTests]: ProductServiceApplicationTests does not declare any static, non-private, non-final, nested classes annotated with @Configuration.
09:30:11.975 [main] DEBUG org.springframework.boot.test.context.SpringBootTestContextBootstrapper - Using ContextCustomizers for test class [ProductServiceApplicationTests]: [ImportsContextCustomizer, ExcludeFilterContextCustomizer, DuplicateJsonObjectContextCustomizer, MockitoContextCustomizer, TestRestTemplateContextCustomizer, DisableObservabilityContextCustomizer, PropertyMappingContextCustomizer, Customizer, DynamicPropertiesContextCustomizer]
09:30:12.074 [main] DEBUG org.springframework.context.annotation.ClassPathScanningCandidateComponentProvider - Identified candidate component class: file [E:\MicroservicesProject\Ecom_Microservice_Project\productservice\target\classes\com\MicroserviceEcom\productservice\ProductserviceApplication.class]
09:30:12.076 [main] INFO org.springframework.boot.test.context.SpringBootTestContextBootstrapper - Found @SpringBootConfiguration com.MicroserviceEcom.productservice.ProductserviceApplication for test class com.MicroserviceEcom.productservice.ProductServiceApplicationTests
09:30:12.256 [main] DEBUG org.springframework.boot.test.context.SpringBootTestContextBootstrapper - Using TestExecutionListeners for test class [ProductServiceApplicationTests]: [ServletTestExecutionListener, DirtiesContextBeforeModesTestExecutionListener, ApplicationEventsTestExecutionListener, MockitoTestExecutionListener, DependencyInjectionTestExecutionListener, DirtiesContextTestExecutionListener, TransactionalTestExecutionListener, SqlScriptsTestExecutionListener, EventPublishingTestExecutionListener, ResetMocksTestExecutionListener, RestDocsTestExecutionListener, MockRestServiceServerResetTestExecutionListener, MockMvcPrintOnlyOnFailureTestExecutionListener, WebDriverTestExecutionListener, MockWebServiceServerTestExecutionListener]
09:30:12.258 [main] DEBUG org.springframework.test.context.support.AbstractDirtiesContextTestExecutionListener - Before test class: class [ProductServiceApplicationTests], class annotated with @DirtiesContext [false] with mode [null]
09:30:12.352 [main] DEBUG org.testcontainers.utility.TestcontainersConfiguration - Testcontainers configuration overrides will be loaded from file:/C:/Users/SREEJITH%20A%20NAIR/.testcontainers.properties
09:30:12.362 [main] WARN org.testcontainers.utility.TestcontainersConfiguration - Attempted to read Testcontainers configuration file at file:/C:/Users/SREEJITH%20A%20NAIR/.testcontainers.properties but the file was not found. Exception message: FileNotFoundException: C:\Users\SREEJITH A NAIR\.testcontainers.properties (The system cannot find the file specified)
09:30:12.366 [main] INFO org.testcontainers.utility.ImageNameSubstitutor - Image name substitution will be performed by: DefaultImageNameSubstitutor (composite of 'ConfigurationFileImageNameSubstitutor' and 'PrefixingImageNameSubstitutor')
09:30:12.401 [main] DEBUG org.testcontainers.dockerclient.DockerClientProviderStrategy - Trying out strategy: NpipeSocketClientProviderStrategy
09:30:12.402 [main] DEBUG org.testcontainers.dockerclient.DockerClientProviderStrategy - DOCKER_HOST socket file '//./pipe/docker_engine' does not exist
09:30:12.402 [main] DEBUG org.testcontainers.dockerclient.DockerClientProviderStrategy - strategy NpipeSocketClientProviderStrategy did not pass the test
09:30:12.408 [main] INFO org.testcontainers.dockerclient.DockerMachineClientProviderStrategy - docker-machine executable was not found on PATH ([C:\Program Files\Common Files\Oracle\Java\javapath, C:\windows\system32, C:\windows, C:\windows\System32\Wbem, C:\windows\System32\WindowsPowerShell\v1.0\, C:\windows\System32\OpenSSH\, C:\Program Files (x86)\NVIDIA Corporation\PhysX\Common, C:\Program Files\NVIDIA Corporation\NVIDIA NvDLISR, C:\WINDOWS\system32, C:\WINDOWS, C:\WINDOWS\System32\Wbem, C:\WINDOWS\System32\WindowsPowerShell\v1.0\, C:\WINDOWS\System32\OpenSSH\, C:\Program Files\Java\jdk-19\bin, C:\Program Files\Git\cmd, C:\Program Files\Docker\Docker\resources\bin, C:\Program Files\MySQL\MySQL Shell 8.0\bin\, C:\Users\SREEJITH A NAIR\AppData\Local\Microsoft\WindowsApps, , C:\Program Files\JetBrains\IntelliJ IDEA Community Edition 2022.2.3\bin, , C:\Users\SREEJITH A NAIR\AppData\Local\Programs\Microsoft VS Code\bin])
09:30:12.409 [main] ERROR org.testcontainers.dockerclient.DockerClientProviderStrategy - Could not find a valid Docker environment. Please check configuration. Attempted configurations were:
As no valid configuration was found, execution cannot continue.
See https://www.testcontainers.org/on_failure.html for more details.
09:30:12.412 [main] DEBUG org.springframework.test.context.support.AbstractDirtiesContextTestExecutionListener - After test class: class [ProductServiceApplicationTests], class annotated with @DirtiesContext [false] with mode [null]
]]></system-out>
  </testcase>
</testsuite>